[     616ms] [WARNING] [Vue warn]: defineEmits() is a compiler-hint helper that is only usable inside <script setup> of a single file component. Its arguments should be compiled away and passing it at runtime has no effect. @ https://localhost:8005/js/chunk-vendors.js:4167
[     643ms] [WARNING] [Vue warn]: Component "v-select" has already been registered in target app. @ https://localhost:8005/js/chunk-vendors.js:4167
[     646ms] [WARNING] [Vue Router warn]: Finding ancestor route "/" failed for "/" @ https://localhost:8005/js/chunk-vendors.js:459342
[     649ms] [WARNING] Layouts have been deprecated. We still have parent routes which use the same name and styling as the previous layouts. 

Found a component NweHomePage with the 'plain' layout specified  @ https://localhost:8005/js/chunk-vendors.js:77698
[     650ms] [WARNING] [Vue Router warn]: Finding ancestor route "/" failed for "/" @ https://localhost:8005/js/chunk-vendors.js:459342
[     651ms] [WARNING] Layouts have been deprecated. We still have parent routes which use the same name and styling as the previous layouts. 

Found a component ToolsPage with the 'plain' layout specified  @ https://localhost:8005/js/chunk-vendors.js:77698
[     651ms] [WARNING] Layouts have been deprecated. We still have parent routes which use the same name and styling as the previous layouts. 

Found a component KrewPage with the 'plain' layout specified  @ https://localhost:8005/js/chunk-vendors.js:77698
[     651ms] [WARNING] [Vue Router warn]: Finding ancestor route "/" failed for "/" @ https://localhost:8005/js/chunk-vendors.js:459342
[     652ms] [WARNING] Layouts have been deprecated. We still have parent routes which use the same name and styling as the previous layouts. You should specify a parent, we're currently setting the parent to 'default' @ https://localhost:8005/js/chunk-vendors.js:77702
[     652ms] [WARNING] [Vue Router warn]: Finding ancestor route "/" failed for "/" @ https://localhost:8005/js/chunk-vendors.js:459342
[     667ms] [WARNING] Layouts have been deprecated. We still have parent routes which use the same name and styling as the previous layouts. You should specify a parent, we're currently setting the parent to 'default' @ https://localhost:8005/js/chunk-vendors.js:77702
[     667ms] [WARNING] Layouts have been deprecated. We still have parent routes which use the same name and styling as the previous layouts. You should specify a parent, we're currently setting the parent to 'default' @ https://localhost:8005/js/chunk-vendors.js:77702
[     667ms] [WARNING] Layouts have been deprecated. We still have parent routes which use the same name and styling as the previous layouts. You should specify a parent, we're currently setting the parent to 'default' @ https://localhost:8005/js/chunk-vendors.js:77702
[     667ms] [WARNING] Layouts have been deprecated. We still have parent routes which use the same name and styling as the previous layouts. You should specify a parent, we're currently setting the parent to 'default' @ https://localhost:8005/js/chunk-vendors.js:77702
[     667ms] [WARNING] Layouts have been deprecated. We still have parent routes which use the same name and styling as the previous layouts. You should specify a parent, we're currently setting the parent to 'default' @ https://localhost:8005/js/chunk-vendors.js:77702
[     667ms] [WARNING] [Vue Router warn]: Finding ancestor route "/" failed for "/" @ https://localhost:8005/js/chunk-vendors.js:459342
[     853ms] [WARNING] All of schema is not loaded yet @ https://localhost:8005/js/chunk-vendors.js:52455
[     853ms] [WARNING] All of schema is not loaded yet @ https://localhost:8005/js/chunk-vendors.js:52455
[     854ms] [WARNING] All of namespace is not loaded yet @ https://localhost:8005/js/chunk-vendors.js:52455
[    1074ms] [WARNING] [Vue warn]: Property "value" was accessed during render but is not defined on instance. 
  at <Setup onVnodeUnmounted=fn<onVnodeUnmounted> ref=Ref< Proxy(Object) > > 
  at <RouterView key="/auth/setup" > 
  at <Unauthenticated onVnodeUnmounted=fn<onVnodeUnmounted> ref=Ref< Proxy(Object) > > 
  at <RouterView> 
  at <App> @ https://localhost:8005/js/chunk-vendors.js:4167
[   15306ms] [ERROR] Failed to load resource: the server responded with a status of 422 (Unprocessable Entity) @ https://localhost:8005/v3/users?action=changepassword:0
[   15306ms] [ERROR] {baseType: error, code: InvalidBodyContent, message: Password must be at least 12 characters, status: 422, type: error} @ https://localhost:8005/js/node_modules_rancher_shell_pages_auth_setup_vue.js:284
[   34808ms] [WARNING] No validator exists for required! Does the validator exist in custom-validators? Is the name spelled correctly? @ https://localhost:8005/js/chunk-vendors.js:55380
[   34808ms] [WARNING] No validator exists for https! Does the validator exist in custom-validators? Is the name spelled correctly? @ https://localhost:8005/js/chunk-vendors.js:55380
[   34808ms] [WARNING] No validator exists for url! Does the validator exist in custom-validators? Is the name spelled correctly? @ https://localhost:8005/js/chunk-vendors.js:55380
[   34808ms] [WARNING] No validator exists for trailingForwardSlash! Does the validator exist in custom-validators? Is the name spelled correctly? @ https://localhost:8005/js/chunk-vendors.js:55380
[   35927ms] [WARNING] [Vue Router warn]: Discarded invalid param(s) "resource" when navigating. See https://github.com/vuejs/router/blob/main/packages/router/CHANGELOG.md#414-2022-08-22 for more details. @ https://localhost:8005/js/chunk-vendors.js:459342
[   35927ms] [WARNING] [Vue Router warn]: Discarded invalid param(s) "product" when navigating. See https://github.com/vuejs/router/blob/main/packages/router/CHANGELOG.md#414-2022-08-22 for more details. @ https://localhost:8005/js/chunk-vendors.js:459342
[   35927ms] [WARNING] [Vue Router warn]: Discarded invalid param(s) "product" when navigating. See https://github.com/vuejs/router/blob/main/packages/router/CHANGELOG.md#414-2022-08-22 for more details. @ https://localhost:8005/js/chunk-vendors.js:459342
[   35928ms] [WARNING] [Vue Router warn]: Discarded invalid param(s) "product" when navigating. See https://github.com/vuejs/router/blob/main/packages/router/CHANGELOG.md#414-2022-08-22 for more details. @ https://localhost:8005/js/chunk-vendors.js:459342
[   44235ms] [WARNING] [Vue Router warn]: Discarded invalid param(s) "product" when navigating. See https://github.com/vuejs/router/blob/main/packages/router/CHANGELOG.md#414-2022-08-22 for more details. @ https://localhost:8005/js/chunk-vendors.js:459342
[   44744ms] [WARNING] All of schema is not loaded yet @ https://localhost:8005/js/chunk-vendors.js:52455
[   44745ms] [WARNING] All of namespace is not loaded yet @ https://localhost:8005/js/chunk-vendors.js:52455
[   44776ms] [WARNING] [Vue Router warn]: Discarded invalid param(s) "resource" when navigating. See https://github.com/vuejs/router/blob/main/packages/router/CHANGELOG.md#414-2022-08-22 for more details. @ https://localhost:8005/js/chunk-vendors.js:459342
[   44777ms] [WARNING] [Vue Router warn]: Discarded invalid param(s) "product" when navigating. See https://github.com/vuejs/router/blob/main/packages/router/CHANGELOG.md#414-2022-08-22 for more details. @ https://localhost:8005/js/chunk-vendors.js:459342
[   44777ms] [WARNING] [Vue Router warn]: Discarded invalid param(s) "product" when navigating. See https://github.com/vuejs/router/blob/main/packages/router/CHANGELOG.md#414-2022-08-22 for more details. @ https://localhost:8005/js/chunk-vendors.js:459342
[   44777ms] [WARNING] [Vue Router warn]: Discarded invalid param(s) "product" when navigating. See https://github.com/vuejs/router/blob/main/packages/router/CHANGELOG.md#414-2022-08-22 for more details. @ https://localhost:8005/js/chunk-vendors.js:459342
[   44790ms] [WARNING] [Vue Router warn]: Discarded invalid param(s) "product" when navigating. See https://github.com/vuejs/router/blob/main/packages/router/CHANGELOG.md#414-2022-08-22 for more details. @ https://localhost:8005/js/chunk-vendors.js:459342
[   44790ms] [WARNING] [Vue Router warn]: Discarded invalid param(s) "product" when navigating. See https://github.com/vuejs/router/blob/main/packages/router/CHANGELOG.md#414-2022-08-22 for more details. @ https://localhost:8005/js/chunk-vendors.js:459342
[   44791ms] [WARNING] [Vue Router warn]: Discarded invalid param(s) "product" when navigating. See https://github.com/vuejs/router/blob/main/packages/router/CHANGELOG.md#414-2022-08-22 for more details. @ https://localhost:8005/js/chunk-vendors.js:459342
[   44791ms] [WARNING] [Vue Router warn]: Discarded invalid param(s) "product" when navigating. See https://github.com/vuejs/router/blob/main/packages/router/CHANGELOG.md#414-2022-08-22 for more details. @ https://localhost:8005/js/chunk-vendors.js:459342
[   44793ms] [WARNING] [Vue Router warn]: Discarded invalid param(s) "product" when navigating. See https://github.com/vuejs/router/blob/main/packages/router/CHANGELOG.md#414-2022-08-22 for more details. @ https://localhost:8005/js/chunk-vendors.js:459342
[   44793ms] [WARNING] [Vue Router warn]: Discarded invalid param(s) "product" when navigating. See https://github.com/vuejs/router/blob/main/packages/router/CHANGELOG.md#414-2022-08-22 for more details. @ https://localhost:8005/js/chunk-vendors.js:459342
[   44803ms] [WARNING] [Vue Router warn]: Discarded invalid param(s) "product" when navigating. See https://github.com/vuejs/router/blob/main/packages/router/CHANGELOG.md#414-2022-08-22 for more details. @ https://localhost:8005/js/chunk-vendors.js:459342
[   44803ms] [WARNING] [Vue Router warn]: Discarded invalid param(s) "product" when navigating. See https://github.com/vuejs/router/blob/main/packages/router/CHANGELOG.md#414-2022-08-22 for more details. @ https://localhost:8005/js/chunk-vendors.js:459342
[   58999ms] [WARNING] [Vue Router warn]: Discarded invalid param(s) "product" when navigating. See https://github.com/vuejs/router/blob/main/packages/router/CHANGELOG.md#414-2022-08-22 for more details. @ https://localhost:8005/js/chunk-vendors.js:459342
[   59012ms] [WARNING] [Vue Router warn]: Discarded invalid param(s) "product" when navigating. See https://github.com/vuejs/router/blob/main/packages/router/CHANGELOG.md#414-2022-08-22 for more details. @ https://localhost:8005/js/chunk-vendors.js:459342
[   59012ms] [WARNING] [Vue Router warn]: Discarded invalid param(s) "product" when navigating. See https://github.com/vuejs/router/blob/main/packages/router/CHANGELOG.md#414-2022-08-22 for more details. @ https://localhost:8005/js/chunk-vendors.js:459342
[   59013ms] [WARNING] [Vue Router warn]: Discarded invalid param(s) "product" when navigating. See https://github.com/vuejs/router/blob/main/packages/router/CHANGELOG.md#414-2022-08-22 for more details. @ https://localhost:8005/js/chunk-vendors.js:459342
[   59013ms] [WARNING] [Vue Router warn]: Discarded invalid param(s) "product" when navigating. See https://github.com/vuejs/router/blob/main/packages/router/CHANGELOG.md#414-2022-08-22 for more details. @ https://localhost:8005/js/chunk-vendors.js:459342
[   59014ms] [WARNING] [Vue Router warn]: Discarded invalid param(s) "product" when navigating. See https://github.com/vuejs/router/blob/main/packages/router/CHANGELOG.md#414-2022-08-22 for more details. @ https://localhost:8005/js/chunk-vendors.js:459342
[   59014ms] [WARNING] [Vue Router warn]: Discarded invalid param(s) "product" when navigating. See https://github.com/vuejs/router/blob/main/packages/router/CHANGELOG.md#414-2022-08-22 for more details. @ https://localhost:8005/js/chunk-vendors.js:459342
[   59025ms] [WARNING] [Vue Router warn]: Discarded invalid param(s) "resource" when navigating. See https://github.com/vuejs/router/blob/main/packages/router/CHANGELOG.md#414-2022-08-22 for more details. @ https://localhost:8005/js/chunk-vendors.js:459342
[   59026ms] [WARNING] [Vue Router warn]: Discarded invalid param(s) "product" when navigating. See https://github.com/vuejs/router/blob/main/packages/router/CHANGELOG.md#414-2022-08-22 for more details. @ https://localhost:8005/js/chunk-vendors.js:459342
[   59026ms] [WARNING] [Vue Router warn]: Discarded invalid param(s) "product" when navigating. See https://github.com/vuejs/router/blob/main/packages/router/CHANGELOG.md#414-2022-08-22 for more details. @ https://localhost:8005/js/chunk-vendors.js:459342
[   59026ms] [WARNING] [Vue Router warn]: Discarded invalid param(s) "product" when navigating. See https://github.com/vuejs/router/blob/main/packages/router/CHANGELOG.md#414-2022-08-22 for more details. @ https://localhost:8005/js/chunk-vendors.js:459342
[   64172ms] [WARNING] [Vue Router warn]: Discarded invalid param(s) "product" when navigating. See https://github.com/vuejs/router/blob/main/packages/router/CHANGELOG.md#414-2022-08-22 for more details. @ https://localhost:8005/js/chunk-vendors.js:459342
[   64188ms] [WARNING] [Vue Router warn]: Discarded invalid param(s) "resource" when navigating. See https://github.com/vuejs/router/blob/main/packages/router/CHANGELOG.md#414-2022-08-22 for more details. @ https://localhost:8005/js/chunk-vendors.js:459342
[   64188ms] [WARNING] [Vue Router warn]: Discarded invalid param(s) "product" when navigating. See https://github.com/vuejs/router/blob/main/packages/router/CHANGELOG.md#414-2022-08-22 for more details. @ https://localhost:8005/js/chunk-vendors.js:459342
[   64188ms] [WARNING] [Vue Router warn]: Discarded invalid param(s) "product" when navigating. See https://github.com/vuejs/router/blob/main/packages/router/CHANGELOG.md#414-2022-08-22 for more details. @ https://localhost:8005/js/chunk-vendors.js:459342
[   64188ms] [WARNING] [Vue Router warn]: Discarded invalid param(s) "product" when navigating. See https://github.com/vuejs/router/blob/main/packages/router/CHANGELOG.md#414-2022-08-22 for more details. @ https://localhost:8005/js/chunk-vendors.js:459342
[   69235ms] [WARNING] [Vue Router warn]: Discarded invalid param(s) "product" when navigating. See https://github.com/vuejs/router/blob/main/packages/router/CHANGELOG.md#414-2022-08-22 for more details. @ https://localhost:8005/js/chunk-vendors.js:459342
[   69236ms] [WARNING] [Vue Router warn]: Discarded invalid param(s) "product" when navigating. See https://github.com/vuejs/router/blob/main/packages/router/CHANGELOG.md#414-2022-08-22 for more details. @ https://localhost:8005/js/chunk-vendors.js:459342
[   69236ms] [WARNING] [Vue Router warn]: Discarded invalid param(s) "product" when navigating. See https://github.com/vuejs/router/blob/main/packages/router/CHANGELOG.md#414-2022-08-22 for more details. @ https://localhost:8005/js/chunk-vendors.js:459342
[   69236ms] [WARNING] [Vue Router warn]: Discarded invalid param(s) "product" when navigating. See https://github.com/vuejs/router/blob/main/packages/router/CHANGELOG.md#414-2022-08-22 for more details. @ https://localhost:8005/js/chunk-vendors.js:459342
[   69237ms] [WARNING] [Vue Router warn]: Discarded invalid param(s) "product" when navigating. See https://github.com/vuejs/router/blob/main/packages/router/CHANGELOG.md#414-2022-08-22 for more details. @ https://localhost:8005/js/chunk-vendors.js:459342
[   69237ms] [WARNING] [Vue Router warn]: Discarded invalid param(s) "product" when navigating. See https://github.com/vuejs/router/blob/main/packages/router/CHANGELOG.md#414-2022-08-22 for more details. @ https://localhost:8005/js/chunk-vendors.js:459342
[   69238ms] [WARNING] [Vue Router warn]: Discarded invalid param(s) "product" when navigating. See https://github.com/vuejs/router/blob/main/packages/router/CHANGELOG.md#414-2022-08-22 for more details. @ https://localhost:8005/js/chunk-vendors.js:459342
[   69238ms] [WARNING] [Vue Router warn]: Discarded invalid param(s) "product" when navigating. See https://github.com/vuejs/router/blob/main/packages/router/CHANGELOG.md#414-2022-08-22 for more details. @ https://localhost:8005/js/chunk-vendors.js:459342
[   69239ms] [WARNING] [Vue Router warn]: Discarded invalid param(s) "product" when navigating. See https://github.com/vuejs/router/blob/main/packages/router/CHANGELOG.md#414-2022-08-22 for more details. @ https://localhost:8005/js/chunk-vendors.js:459342
[   69239ms] [WARNING] [Vue Router warn]: Discarded invalid param(s) "product" when navigating. See https://github.com/vuejs/router/blob/main/packages/router/CHANGELOG.md#414-2022-08-22 for more details. @ https://localhost:8005/js/chunk-vendors.js:459342
[   69240ms] [WARNING] [Vue Router warn]: Discarded invalid param(s) "product" when navigating. See https://github.com/vuejs/router/blob/main/packages/router/CHANGELOG.md#414-2022-08-22 for more details. @ https://localhost:8005/js/chunk-vendors.js:459342
[   69240ms] [WARNING] [Vue Router warn]: Discarded invalid param(s) "product" when navigating. See https://github.com/vuejs/router/blob/main/packages/router/CHANGELOG.md#414-2022-08-22 for more details. @ https://localhost:8005/js/chunk-vendors.js:459342
[   69257ms] [WARNING] [Vue Router warn]: Discarded invalid param(s) "resource" when navigating. See https://github.com/vuejs/router/blob/main/packages/router/CHANGELOG.md#414-2022-08-22 for more details. @ https://localhost:8005/js/chunk-vendors.js:459342
[   69257ms] [WARNING] [Vue Router warn]: Discarded invalid param(s) "product" when navigating. See https://github.com/vuejs/router/blob/main/packages/router/CHANGELOG.md#414-2022-08-22 for more details. @ https://localhost:8005/js/chunk-vendors.js:459342
[   69257ms] [WARNING] [Vue Router warn]: Discarded invalid param(s) "product" when navigating. See https://github.com/vuejs/router/blob/main/packages/router/CHANGELOG.md#414-2022-08-22 for more details. @ https://localhost:8005/js/chunk-vendors.js:459342
[   69257ms] [WARNING] [Vue Router warn]: Discarded invalid param(s) "product" when navigating. See https://github.com/vuejs/router/blob/main/packages/router/CHANGELOG.md#414-2022-08-22 for more details. @ https://localhost:8005/js/chunk-vendors.js:459342
[   69263ms] [WARNING] [Vue warn]: Component is missing template or render function. 
  at <Index class="outlet" onVnodeUnmounted=fn<onVnodeUnmounted> ref=Ref< undefined > > 
  at <RouterView key="/c/_/settings" class="outlet" > 
  at <IndentedPanel class="pt-20" > 
  at <Plain onVnodeUnmounted=fn<onVnodeUnmounted> ref=Ref< null > > 
  at <RouterView> 
  at <App> @ https://localhost:8005/js/chunk-vendors.js:4167
[   69273ms] [WARNING] [Vue Router warn]: Discarded invalid param(s) "resource" when navigating. See https://github.com/vuejs/router/blob/main/packages/router/CHANGELOG.md#414-2022-08-22 for more details. @ https://localhost:8005/js/chunk-vendors.js:459342
[   69273ms] [WARNING] [Vue Router warn]: Discarded invalid param(s) "product" when navigating. See https://github.com/vuejs/router/blob/main/packages/router/CHANGELOG.md#414-2022-08-22 for more details. @ https://localhost:8005/js/chunk-vendors.js:459342
[   69273ms] [WARNING] [Vue Router warn]: Discarded invalid param(s) "product" when navigating. See https://github.com/vuejs/router/blob/main/packages/router/CHANGELOG.md#414-2022-08-22 for more details. @ https://localhost:8005/js/chunk-vendors.js:459342
[   69273ms] [WARNING] [Vue Router warn]: Discarded invalid param(s) "product" when navigating. See https://github.com/vuejs/router/blob/main/packages/router/CHANGELOG.md#414-2022-08-22 for more details. @ https://localhost:8005/js/chunk-vendors.js:459342
[   69284ms] [WARNING] [Vue Router warn]: Discarded invalid param(s) "product" when navigating. See https://github.com/vuejs/router/blob/main/packages/router/CHANGELOG.md#414-2022-08-22 for more details. @ https://localhost:8005/js/chunk-vendors.js:459342
[   69284ms] [WARNING] [Vue Router warn]: Discarded invalid param(s) "product" when navigating. See https://github.com/vuejs/router/blob/main/packages/router/CHANGELOG.md#414-2022-08-22 for more details. @ https://localhost:8005/js/chunk-vendors.js:459342
[   69285ms] [WARNING] [Vue Router warn]: Discarded invalid param(s) "product" when navigating. See https://github.com/vuejs/router/blob/main/packages/router/CHANGELOG.md#414-2022-08-22 for more details. @ https://localhost:8005/js/chunk-vendors.js:459342
[   69285ms] [WARNING] [Vue Router warn]: Discarded invalid param(s) "product" when navigating. See https://github.com/vuejs/router/blob/main/packages/router/CHANGELOG.md#414-2022-08-22 for more details. @ https://localhost:8005/js/chunk-vendors.js:459342
[   69286ms] [WARNING] [Vue Router warn]: Discarded invalid param(s) "product" when navigating. See https://github.com/vuejs/router/blob/main/packages/router/CHANGELOG.md#414-2022-08-22 for more details. @ https://localhost:8005/js/chunk-vendors.js:459342
[   69286ms] [WARNING] [Vue Router warn]: Discarded invalid param(s) "product" when navigating. See https://github.com/vuejs/router/blob/main/packages/router/CHANGELOG.md#414-2022-08-22 for more details. @ https://localhost:8005/js/chunk-vendors.js:459342
[   69286ms] [WARNING] [Vue Router warn]: Discarded invalid param(s) "product" when navigating. See https://github.com/vuejs/router/blob/main/packages/router/CHANGELOG.md#414-2022-08-22 for more details. @ https://localhost:8005/js/chunk-vendors.js:459342
[   69287ms] [WARNING] [Vue Router warn]: Discarded invalid param(s) "product" when navigating. See https://github.com/vuejs/router/blob/main/packages/router/CHANGELOG.md#414-2022-08-22 for more details. @ https://localhost:8005/js/chunk-vendors.js:459342
[   71567ms] [WARNING] All of count is not loaded yet @ https://localhost:8005/js/chunk-vendors.js:52455
[   71571ms] [WARNING] [Vue Router warn]: Discarded invalid param(s) "product" when navigating. See https://github.com/vuejs/router/blob/main/packages/router/CHANGELOG.md#414-2022-08-22 for more details. @ https://localhost:8005/js/chunk-vendors.js:459342
[   71571ms] [WARNING] [Vue Router warn]: Discarded invalid param(s) "product" when navigating. See https://github.com/vuejs/router/blob/main/packages/router/CHANGELOG.md#414-2022-08-22 for more details. @ https://localhost:8005/js/chunk-vendors.js:459342
[   71571ms] [WARNING] [Vue Router warn]: Discarded invalid param(s) "product" when navigating. See https://github.com/vuejs/router/blob/main/packages/router/CHANGELOG.md#414-2022-08-22 for more details. @ https://localhost:8005/js/chunk-vendors.js:459342
[   71580ms] [WARNING] [Vue Router warn]: Discarded invalid param(s) "resource" when navigating. See https://github.com/vuejs/router/blob/main/packages/router/CHANGELOG.md#414-2022-08-22 for more details. @ https://localhost:8005/js/chunk-vendors.js:459342
[   71580ms] [WARNING] [Vue Router warn]: Discarded invalid param(s) "product" when navigating. See https://github.com/vuejs/router/blob/main/packages/router/CHANGELOG.md#414-2022-08-22 for more details. @ https://localhost:8005/js/chunk-vendors.js:459342
[   71580ms] [WARNING] [Vue Router warn]: Discarded invalid param(s) "product" when navigating. See https://github.com/vuejs/router/blob/main/packages/router/CHANGELOG.md#414-2022-08-22 for more details. @ https://localhost:8005/js/chunk-vendors.js:459342
[   71580ms] [WARNING] [Vue Router warn]: Discarded invalid param(s) "product" when navigating. See https://github.com/vuejs/router/blob/main/packages/router/CHANGELOG.md#414-2022-08-22 for more details. @ https://localhost:8005/js/chunk-vendors.js:459342
[   72988ms] [WARNING] All of schema is not loaded yet @ https://localhost:8005/js/chunk-vendors.js:52455
[   72989ms] [WARNING] All of namespace is not loaded yet @ https://localhost:8005/js/chunk-vendors.js:52455
[   73274ms] [WARNING] [Vue Router warn]: Discarded invalid param(s) "resource" when navigating. See https://github.com/vuejs/router/blob/main/packages/router/CHANGELOG.md#414-2022-08-22 for more details. @ https://localhost:8005/js/chunk-vendors.js:459342
[   73274ms] [WARNING] [Vue Router warn]: Discarded invalid param(s) "product" when navigating. See https://github.com/vuejs/router/blob/main/packages/router/CHANGELOG.md#414-2022-08-22 for more details. @ https://localhost:8005/js/chunk-vendors.js:459342
[   73274ms] [WARNING] [Vue Router warn]: Discarded invalid param(s) "product" when navigating. See https://github.com/vuejs/router/blob/main/packages/router/CHANGELOG.md#414-2022-08-22 for more details. @ https://localhost:8005/js/chunk-vendors.js:459342
[   73275ms] [WARNING] [Vue Router warn]: Discarded invalid param(s) "product" when navigating. See https://github.com/vuejs/router/blob/main/packages/router/CHANGELOG.md#414-2022-08-22 for more details. @ https://localhost:8005/js/chunk-vendors.js:459342
[   73460ms] [WARNING] [Vue Router warn]: Discarded invalid param(s) "product" when navigating. See https://github.com/vuejs/router/blob/main/packages/router/CHANGELOG.md#414-2022-08-22 for more details. @ https://localhost:8005/js/chunk-vendors.js:459342
[   73461ms] [WARNING] [Vue Router warn]: Discarded invalid param(s) "product" when navigating. See https://github.com/vuejs/router/blob/main/packages/router/CHANGELOG.md#414-2022-08-22 for more details. @ https://localhost:8005/js/chunk-vendors.js:459342
[   73461ms] [WARNING] [Vue Router warn]: Discarded invalid param(s) "product" when navigating. See https://github.com/vuejs/router/blob/main/packages/router/CHANGELOG.md#414-2022-08-22 for more details. @ https://localhost:8005/js/chunk-vendors.js:459342
[   73506ms] [WARNING] [Vue Router warn]: Discarded invalid param(s) "product" when navigating. See https://github.com/vuejs/router/blob/main/packages/router/CHANGELOG.md#414-2022-08-22 for more details. @ https://localhost:8005/js/chunk-vendors.js:459342
[   73512ms] [WARNING] [Vue Router warn]: Discarded invalid param(s) "product" when navigating. See https://github.com/vuejs/router/blob/main/packages/router/CHANGELOG.md#414-2022-08-22 for more details. @ https://localhost:8005/js/chunk-vendors.js:459342
[   73512ms] [WARNING] [Vue Router warn]: Discarded invalid param(s) "product" when navigating. See https://github.com/vuejs/router/blob/main/packages/router/CHANGELOG.md#414-2022-08-22 for more details. @ https://localhost:8005/js/chunk-vendors.js:459342
[   73519ms] [WARNING] [Vue Router warn]: Discarded invalid param(s) "resource" when navigating. See https://github.com/vuejs/router/blob/main/packages/router/CHANGELOG.md#414-2022-08-22 for more details. @ https://localhost:8005/js/chunk-vendors.js:459342
[   73520ms] [WARNING] [Vue Router warn]: Discarded invalid param(s) "product" when navigating. See https://github.com/vuejs/router/blob/main/packages/router/CHANGELOG.md#414-2022-08-22 for more details. @ https://localhost:8005/js/chunk-vendors.js:459342
[   73520ms] [WARNING] [Vue Router warn]: Discarded invalid param(s) "product" when navigating. See https://github.com/vuejs/router/blob/main/packages/router/CHANGELOG.md#414-2022-08-22 for more details. @ https://localhost:8005/js/chunk-vendors.js:459342
[   73520ms] [WARNING] [Vue Router warn]: Discarded invalid param(s) "product" when navigating. See https://github.com/vuejs/router/blob/main/packages/router/CHANGELOG.md#414-2022-08-22 for more details. @ https://localhost:8005/js/chunk-vendors.js:459342
[   73520ms] [WARNING] [Vue Router warn]: Discarded invalid param(s) "product" when navigating. See https://github.com/vuejs/router/blob/main/packages/router/CHANGELOG.md#414-2022-08-22 for more details. @ https://localhost:8005/js/chunk-vendors.js:459342
[   73520ms] [WARNING] [Vue Router warn]: Discarded invalid param(s) "product" when navigating. See https://github.com/vuejs/router/blob/main/packages/router/CHANGELOG.md#414-2022-08-22 for more details. @ https://localhost:8005/js/chunk-vendors.js:459342
[   73520ms] [WARNING] [Vue Router warn]: Discarded invalid param(s) "product" when navigating. See https://github.com/vuejs/router/blob/main/packages/router/CHANGELOG.md#414-2022-08-22 for more details. @ https://localhost:8005/js/chunk-vendors.js:459342
[   73522ms] [WARNING] [Vue Router warn]: Discarded invalid param(s) "product" when navigating. See https://github.com/vuejs/router/blob/main/packages/router/CHANGELOG.md#414-2022-08-22 for more details. @ https://localhost:8005/js/chunk-vendors.js:459342
[   73522ms] [WARNING] [Vue Router warn]: Discarded invalid param(s) "product" when navigating. See https://github.com/vuejs/router/blob/main/packages/router/CHANGELOG.md#414-2022-08-22 for more details. @ https://localhost:8005/js/chunk-vendors.js:459342
[   73526ms] [WARNING] [Vue Router warn]: Discarded invalid param(s) "product" when navigating. See https://github.com/vuejs/router/blob/main/packages/router/CHANGELOG.md#414-2022-08-22 for more details. @ https://localhost:8005/js/chunk-vendors.js:459342
[   73581ms] [ERROR] Failed to load resource: the server responded with a status of 404 (Not Found) @ https://localhost:8005/v1/apps.statefulsets/cattle-fleet-local-system/fleet-agent?exclude=metadata.managedFields:0
[   73602ms] [ERROR] Failed to load resource: the server responded with a status of 404 (Not Found) @ https://localhost:8005/v1/catalog.cattle.io.apps/cattle-monitoring-system/rancher-monitoring?exclude=metadata.managedFields:0
[   80684ms] [WARNING] [Vue Router warn]: Discarded invalid param(s) "resource" when navigating. See https://github.com/vuejs/router/blob/main/packages/router/CHANGELOG.md#414-2022-08-22 for more details. @ https://localhost:8005/js/chunk-vendors.js:459342
[   80685ms] [WARNING] [Vue Router warn]: Discarded invalid param(s) "product" when navigating. See https://github.com/vuejs/router/blob/main/packages/router/CHANGELOG.md#414-2022-08-22 for more details. @ https://localhost:8005/js/chunk-vendors.js:459342
[   80685ms] [WARNING] [Vue Router warn]: Discarded invalid param(s) "product" when navigating. See https://github.com/vuejs/router/blob/main/packages/router/CHANGELOG.md#414-2022-08-22 for more details. @ https://localhost:8005/js/chunk-vendors.js:459342
[   80685ms] [WARNING] [Vue Router warn]: Discarded invalid param(s) "product" when navigating. See https://github.com/vuejs/router/blob/main/packages/router/CHANGELOG.md#414-2022-08-22 for more details. @ https://localhost:8005/js/chunk-vendors.js:459342
[   80685ms] [WARNING] [Vue Router warn]: Discarded invalid param(s) "product" when navigating. See https://github.com/vuejs/router/blob/main/packages/router/CHANGELOG.md#414-2022-08-22 for more details. @ https://localhost:8005/js/chunk-vendors.js:459342
[   80686ms] [WARNING] [Vue Router warn]: Discarded invalid param(s) "product" when navigating. See https://github.com/vuejs/router/blob/main/packages/router/CHANGELOG.md#414-2022-08-22 for more details. @ https://localhost:8005/js/chunk-vendors.js:459342
[   80686ms] [WARNING] [Vue Router warn]: Discarded invalid param(s) "product" when navigating. See https://github.com/vuejs/router/blob/main/packages/router/CHANGELOG.md#414-2022-08-22 for more details. @ https://localhost:8005/js/chunk-vendors.js:459342
[   80686ms] [WARNING] [Vue Router warn]: Discarded invalid param(s) "product" when navigating. See https://github.com/vuejs/router/blob/main/packages/router/CHANGELOG.md#414-2022-08-22 for more details. @ https://localhost:8005/js/chunk-vendors.js:459342
[   80686ms] [WARNING] [Vue Router warn]: Discarded invalid param(s) "product" when navigating. See https://github.com/vuejs/router/blob/main/packages/router/CHANGELOG.md#414-2022-08-22 for more details. @ https://localhost:8005/js/chunk-vendors.js:459342
[   82425ms] [WARNING] [Vue Router warn]: Discarded invalid param(s) "product" when navigating. See https://github.com/vuejs/router/blob/main/packages/router/CHANGELOG.md#414-2022-08-22 for more details. @ https://localhost:8005/js/chunk-vendors.js:459342
[   82425ms] [WARNING] [Vue Router warn]: Discarded invalid param(s) "product" when navigating. See https://github.com/vuejs/router/blob/main/packages/router/CHANGELOG.md#414-2022-08-22 for more details. @ https://localhost:8005/js/chunk-vendors.js:459342
[   82425ms] [WARNING] [Vue Router warn]: Discarded invalid param(s) "product" when navigating. See https://github.com/vuejs/router/blob/main/packages/router/CHANGELOG.md#414-2022-08-22 for more details. @ https://localhost:8005/js/chunk-vendors.js:459342
[   82425ms] [WARNING] [Vue Router warn]: Discarded invalid param(s) "product" when navigating. See https://github.com/vuejs/router/blob/main/packages/router/CHANGELOG.md#414-2022-08-22 for more details. @ https://localhost:8005/js/chunk-vendors.js:459342
[   82425ms] [WARNING] [Vue Router warn]: Discarded invalid param(s) "product" when navigating. See https://github.com/vuejs/router/blob/main/packages/router/CHANGELOG.md#414-2022-08-22 for more details. @ https://localhost:8005/js/chunk-vendors.js:459342
[   82426ms] [WARNING] [Vue Router warn]: Discarded invalid param(s) "product" when navigating. See https://github.com/vuejs/router/blob/main/packages/router/CHANGELOG.md#414-2022-08-22 for more details. @ https://localhost:8005/js/chunk-vendors.js:459342
[   82426ms] [WARNING] [Vue Router warn]: Discarded invalid param(s) "product" when navigating. See https://github.com/vuejs/router/blob/main/packages/router/CHANGELOG.md#414-2022-08-22 for more details. @ https://localhost:8005/js/chunk-vendors.js:459342
[   82426ms] [WARNING] [Vue Router warn]: Discarded invalid param(s) "product" when navigating. See https://github.com/vuejs/router/blob/main/packages/router/CHANGELOG.md#414-2022-08-22 for more details. @ https://localhost:8005/js/chunk-vendors.js:459342
[   82426ms] [WARNING] [Vue Router warn]: Discarded invalid param(s) "product" when navigating. See https://github.com/vuejs/router/blob/main/packages/router/CHANGELOG.md#414-2022-08-22 for more details. @ https://localhost:8005/js/chunk-vendors.js:459342
[   82428ms] [WARNING] [Vue Router warn]: Discarded invalid param(s) "product" when navigating. See https://github.com/vuejs/router/blob/main/packages/router/CHANGELOG.md#414-2022-08-22 for more details. @ https://localhost:8005/js/chunk-vendors.js:459342
[   82428ms] [WARNING] [Vue Router warn]: Discarded invalid param(s) "product" when navigating. See https://github.com/vuejs/router/blob/main/packages/router/CHANGELOG.md#414-2022-08-22 for more details. @ https://localhost:8005/js/chunk-vendors.js:459342
[   82437ms] [WARNING] All of schema is not loaded yet @ https://localhost:8005/js/chunk-vendors.js:52455
[   82437ms] [WARNING] All of namespace is not loaded yet @ https://localhost:8005/js/chunk-vendors.js:52455
[   82450ms] [WARNING] [Vue Router warn]: Discarded invalid param(s) "product" when navigating. See https://github.com/vuejs/router/blob/main/packages/router/CHANGELOG.md#414-2022-08-22 for more details. @ https://localhost:8005/js/chunk-vendors.js:459342
[   82450ms] [WARNING] [Vue Router warn]: Discarded invalid param(s) "product" when navigating. See https://github.com/vuejs/router/blob/main/packages/router/CHANGELOG.md#414-2022-08-22 for more details. @ https://localhost:8005/js/chunk-vendors.js:459342
[   82450ms] [WARNING] [Vue Router warn]: Discarded invalid param(s) "product" when navigating. See https://github.com/vuejs/router/blob/main/packages/router/CHANGELOG.md#414-2022-08-22 for more details. @ https://localhost:8005/js/chunk-vendors.js:459342
[   82451ms] [WARNING] [Vue Router warn]: Discarded invalid param(s) "product" when navigating. See https://github.com/vuejs/router/blob/main/packages/router/CHANGELOG.md#414-2022-08-22 for more details. @ https://localhost:8005/js/chunk-vendors.js:459342
[   82452ms] [WARNING] [Vue Router warn]: Discarded invalid param(s) "product" when navigating. See https://github.com/vuejs/router/blob/main/packages/router/CHANGELOG.md#414-2022-08-22 for more details. @ https://localhost:8005/js/chunk-vendors.js:459342
[   82452ms] [WARNING] [Vue Router warn]: Discarded invalid param(s) "product" when navigating. See https://github.com/vuejs/router/blob/main/packages/router/CHANGELOG.md#414-2022-08-22 for more details. @ https://localhost:8005/js/chunk-vendors.js:459342
[   82452ms] [WARNING] [Vue Router warn]: Discarded invalid param(s) "product" when navigating. See https://github.com/vuejs/router/blob/main/packages/router/CHANGELOG.md#414-2022-08-22 for more details. @ https://localhost:8005/js/chunk-vendors.js:459342
[   82452ms] [WARNING] [Vue Router warn]: Discarded invalid param(s) "product" when navigating. See https://github.com/vuejs/router/blob/main/packages/router/CHANGELOG.md#414-2022-08-22 for more details. @ https://localhost:8005/js/chunk-vendors.js:459342
[   82453ms] [WARNING] [Vue Router warn]: Discarded invalid param(s) "product" when navigating. See https://github.com/vuejs/router/blob/main/packages/router/CHANGELOG.md#414-2022-08-22 for more details. @ https://localhost:8005/js/chunk-vendors.js:459342
[   82453ms] [WARNING] [Vue Router warn]: Discarded invalid param(s) "product" when navigating. See https://github.com/vuejs/router/blob/main/packages/router/CHANGELOG.md#414-2022-08-22 for more details. @ https://localhost:8005/js/chunk-vendors.js:459342
[   82453ms] [WARNING] [Vue Router warn]: Discarded invalid param(s) "product" when navigating. See https://github.com/vuejs/router/blob/main/packages/router/CHANGELOG.md#414-2022-08-22 for more details. @ https://localhost:8005/js/chunk-vendors.js:459342
[   82457ms] [WARNING] [Vue Router warn]: Discarded invalid param(s) "product" when navigating. See https://github.com/vuejs/router/blob/main/packages/router/CHANGELOG.md#414-2022-08-22 for more details. @ https://localhost:8005/js/chunk-vendors.js:459342
[   82457ms] [WARNING] [Vue Router warn]: Discarded invalid param(s) "product" when navigating. See https://github.com/vuejs/router/blob/main/packages/router/CHANGELOG.md#414-2022-08-22 for more details. @ https://localhost:8005/js/chunk-vendors.js:459342
[   82457ms] [WARNING] [Vue Router warn]: Discarded invalid param(s) "product" when navigating. See https://github.com/vuejs/router/blob/main/packages/router/CHANGELOG.md#414-2022-08-22 for more details. @ https://localhost:8005/js/chunk-vendors.js:459342
[   82457ms] [WARNING] [Vue Router warn]: Discarded invalid param(s) "product" when navigating. See https://github.com/vuejs/router/blob/main/packages/router/CHANGELOG.md#414-2022-08-22 for more details. @ https://localhost:8005/js/chunk-vendors.js:459342
[   82457ms] [WARNING] [Vue Router warn]: Discarded invalid param(s) "product" when navigating. See https://github.com/vuejs/router/blob/main/packages/router/CHANGELOG.md#414-2022-08-22 for more details. @ https://localhost:8005/js/chunk-vendors.js:459342
[   82457ms] [WARNING] [Vue Router warn]: Discarded invalid param(s) "product" when navigating. See https://github.com/vuejs/router/blob/main/packages/router/CHANGELOG.md#414-2022-08-22 for more details. @ https://localhost:8005/js/chunk-vendors.js:459342
[   82457ms] [WARNING] [Vue Router warn]: Discarded invalid param(s) "product" when navigating. See https://github.com/vuejs/router/blob/main/packages/router/CHANGELOG.md#414-2022-08-22 for more details. @ https://localhost:8005/js/chunk-vendors.js:459342
[   82462ms] [WARNING] [Vue Router warn]: Discarded invalid param(s) "resource" when navigating. See https://github.com/vuejs/router/blob/main/packages/router/CHANGELOG.md#414-2022-08-22 for more details. @ https://localhost:8005/js/chunk-vendors.js:459342
[   82462ms] [WARNING] [Vue Router warn]: Discarded invalid param(s) "product" when navigating. See https://github.com/vuejs/router/blob/main/packages/router/CHANGELOG.md#414-2022-08-22 for more details. @ https://localhost:8005/js/chunk-vendors.js:459342
[   82463ms] [WARNING] [Vue Router warn]: Discarded invalid param(s) "product" when navigating. See https://github.com/vuejs/router/blob/main/packages/router/CHANGELOG.md#414-2022-08-22 for more details. @ https://localhost:8005/js/chunk-vendors.js:459342
[   82463ms] [WARNING] [Vue Router warn]: Discarded invalid param(s) "product" when navigating. See https://github.com/vuejs/router/blob/main/packages/router/CHANGELOG.md#414-2022-08-22 for more details. @ https://localhost:8005/js/chunk-vendors.js:459342
[   82463ms] [WARNING] [Vue Router warn]: Discarded invalid param(s) "product" when navigating. See https://github.com/vuejs/router/blob/main/packages/router/CHANGELOG.md#414-2022-08-22 for more details. @ https://localhost:8005/js/chunk-vendors.js:459342
[   82463ms] [WARNING] [Vue Router warn]: Discarded invalid param(s) "product" when navigating. See https://github.com/vuejs/router/blob/main/packages/router/CHANGELOG.md#414-2022-08-22 for more details. @ https://localhost:8005/js/chunk-vendors.js:459342
[   82463ms] [WARNING] [Vue Router warn]: Discarded invalid param(s) "product" when navigating. See https://github.com/vuejs/router/blob/main/packages/router/CHANGELOG.md#414-2022-08-22 for more details. @ https://localhost:8005/js/chunk-vendors.js:459342
[   82463ms] [WARNING] [Vue Router warn]: Discarded invalid param(s) "product" when navigating. See https://github.com/vuejs/router/blob/main/packages/router/CHANGELOG.md#414-2022-08-22 for more details. @ https://localhost:8005/js/chunk-vendors.js:459342
[   82463ms] [WARNING] [Vue Router warn]: Discarded invalid param(s) "product" when navigating. See https://github.com/vuejs/router/blob/main/packages/router/CHANGELOG.md#414-2022-08-22 for more details. @ https://localhost:8005/js/chunk-vendors.js:459342
[   82463ms] [WARNING] [Vue Router warn]: Discarded invalid param(s) "product" when navigating. See https://github.com/vuejs/router/blob/main/packages/router/CHANGELOG.md#414-2022-08-22 for more details. @ https://localhost:8005/js/chunk-vendors.js:459342
[   82463ms] [WARNING] [Vue Router warn]: Discarded invalid param(s) "product" when navigating. See https://github.com/vuejs/router/blob/main/packages/router/CHANGELOG.md#414-2022-08-22 for more details. @ https://localhost:8005/js/chunk-vendors.js:459342
[   82463ms] [WARNING] [Vue Router warn]: Discarded invalid param(s) "product" when navigating. See https://github.com/vuejs/router/blob/main/packages/router/CHANGELOG.md#414-2022-08-22 for more details. @ https://localhost:8005/js/chunk-vendors.js:459342
[   82463ms] [WARNING] [Vue Router warn]: Discarded invalid param(s) "product" when navigating. See https://github.com/vuejs/router/blob/main/packages/router/CHANGELOG.md#414-2022-08-22 for more details. @ https://localhost:8005/js/chunk-vendors.js:459342
[   83073ms] [WARNING] [Vue Router warn]: Discarded invalid param(s) "resource" when navigating. See https://github.com/vuejs/router/blob/main/packages/router/CHANGELOG.md#414-2022-08-22 for more details. @ https://localhost:8005/js/chunk-vendors.js:459342
[   83086ms] [WARNING] [Vue Router warn]: Discarded invalid param(s) "resource", "product" when navigating. See https://github.com/vuejs/router/blob/main/packages/router/CHANGELOG.md#414-2022-08-22 for more details. @ https://localhost:8005/js/chunk-vendors.js:459342
[   83086ms] [WARNING] [Vue Router warn]: Discarded invalid param(s) "resource", "product" when navigating. See https://github.com/vuejs/router/blob/main/packages/router/CHANGELOG.md#414-2022-08-22 for more details. @ https://localhost:8005/js/chunk-vendors.js:459342
[   83087ms] [WARNING] [Vue Router warn]: Discarded invalid param(s) "resource", "product" when navigating. See https://github.com/vuejs/router/blob/main/packages/router/CHANGELOG.md#414-2022-08-22 for more details. @ https://localhost:8005/js/chunk-vendors.js:459342
[   83109ms] [WARNING] [Vue Router warn]: Discarded invalid param(s) "resource" when navigating. See https://github.com/vuejs/router/blob/main/packages/router/CHANGELOG.md#414-2022-08-22 for more details. @ https://localhost:8005/js/chunk-vendors.js:459342
[   83109ms] [WARNING] [Vue Router warn]: Discarded invalid param(s) "product" when navigating. See https://github.com/vuejs/router/blob/main/packages/router/CHANGELOG.md#414-2022-08-22 for more details. @ https://localhost:8005/js/chunk-vendors.js:459342
[   83109ms] [WARNING] [Vue Router warn]: Discarded invalid param(s) "product" when navigating. See https://github.com/vuejs/router/blob/main/packages/router/CHANGELOG.md#414-2022-08-22 for more details. @ https://localhost:8005/js/chunk-vendors.js:459342
[   83109ms] [WARNING] [Vue Router warn]: Discarded invalid param(s) "product" when navigating. See https://github.com/vuejs/router/blob/main/packages/router/CHANGELOG.md#414-2022-08-22 for more details. @ https://localhost:8005/js/chunk-vendors.js:459342
[   83110ms] [WARNING] [Vue Router warn]: Discarded invalid param(s) "resource", "product" when navigating. See https://github.com/vuejs/router/blob/main/packages/router/CHANGELOG.md#414-2022-08-22 for more details. @ https://localhost:8005/js/chunk-vendors.js:459342
[   83110ms] [WARNING] [Vue Router warn]: Discarded invalid param(s) "resource", "product" when navigating. See https://github.com/vuejs/router/blob/main/packages/router/CHANGELOG.md#414-2022-08-22 for more details. @ https://localhost:8005/js/chunk-vendors.js:459342
[   83110ms] [WARNING] [Vue Router warn]: Discarded invalid param(s) "resource", "product" when navigating. See https://github.com/vuejs/router/blob/main/packages/router/CHANGELOG.md#414-2022-08-22 for more details. @ https://localhost:8005/js/chunk-vendors.js:459342
[   83112ms] [WARNING] [Vue Router warn]: Discarded invalid param(s) "resource", "product" when navigating. See https://github.com/vuejs/router/blob/main/packages/router/CHANGELOG.md#414-2022-08-22 for more details. @ https://localhost:8005/js/chunk-vendors.js:459342
[   83602ms] [WARNING] [Vue Router warn]: Discarded invalid param(s) "resource", "product" when navigating. See https://github.com/vuejs/router/blob/main/packages/router/CHANGELOG.md#414-2022-08-22 for more details. @ https://localhost:8005/js/chunk-vendors.js:459342
[   83602ms] [WARNING] [Vue Router warn]: Discarded invalid param(s) "resource", "product" when navigating. See https://github.com/vuejs/router/blob/main/packages/router/CHANGELOG.md#414-2022-08-22 for more details. @ https://localhost:8005/js/chunk-vendors.js:459342
[   83602ms] [WARNING] [Vue Router warn]: Discarded invalid param(s) "resource", "product" when navigating. See https://github.com/vuejs/router/blob/main/packages/router/CHANGELOG.md#414-2022-08-22 for more details. @ https://localhost:8005/js/chunk-vendors.js:459342
[   83707ms] [WARNING] [Vue Router warn]: Discarded invalid param(s) "product" when navigating. See https://github.com/vuejs/router/blob/main/packages/router/CHANGELOG.md#414-2022-08-22 for more details. @ https://localhost:8005/js/chunk-vendors.js:459342
[   83719ms] [WARNING] [Vue Router warn]: Discarded invalid param(s) "product" when navigating. See https://github.com/vuejs/router/blob/main/packages/router/CHANGELOG.md#414-2022-08-22 for more details. @ https://localhost:8005/js/chunk-vendors.js:459342
[   83719ms] [WARNING] [Vue Router warn]: Discarded invalid param(s) "product" when navigating. See https://github.com/vuejs/router/blob/main/packages/router/CHANGELOG.md#414-2022-08-22 for more details. @ https://localhost:8005/js/chunk-vendors.js:459342
[   83719ms] [WARNING] [Vue Router warn]: Discarded invalid param(s) "product" when navigating. See https://github.com/vuejs/router/blob/main/packages/router/CHANGELOG.md#414-2022-08-22 for more details. @ https://localhost:8005/js/chunk-vendors.js:459342
[   83719ms] [WARNING] [Vue Router warn]: Discarded invalid param(s) "product" when navigating. See https://github.com/vuejs/router/blob/main/packages/router/CHANGELOG.md#414-2022-08-22 for more details. @ https://localhost:8005/js/chunk-vendors.js:459342
[   83720ms] [WARNING] [Vue Router warn]: Discarded invalid param(s) "product" when navigating. See https://github.com/vuejs/router/blob/main/packages/router/CHANGELOG.md#414-2022-08-22 for more details. @ https://localhost:8005/js/chunk-vendors.js:459342
[   83721ms] [WARNING] [Vue Router warn]: Discarded invalid param(s) "product" when navigating. See https://github.com/vuejs/router/blob/main/packages/router/CHANGELOG.md#414-2022-08-22 for more details. @ https://localhost:8005/js/chunk-vendors.js:459342
[   83735ms] [WARNING] [Vue Router warn]: Discarded invalid param(s) "resource" when navigating. See https://github.com/vuejs/router/blob/main/packages/router/CHANGELOG.md#414-2022-08-22 for more details. @ https://localhost:8005/js/chunk-vendors.js:459342
[   83735ms] [WARNING] [Vue Router warn]: Discarded invalid param(s) "product" when navigating. See https://github.com/vuejs/router/blob/main/packages/router/CHANGELOG.md#414-2022-08-22 for more details. @ https://localhost:8005/js/chunk-vendors.js:459342
[   83735ms] [WARNING] [Vue Router warn]: Discarded invalid param(s) "product" when navigating. See https://github.com/vuejs/router/blob/main/packages/router/CHANGELOG.md#414-2022-08-22 for more details. @ https://localhost:8005/js/chunk-vendors.js:459342
[   83736ms] [WARNING] [Vue Router warn]: Discarded invalid param(s) "product" when navigating. See https://github.com/vuejs/router/blob/main/packages/router/CHANGELOG.md#414-2022-08-22 for more details. @ https://localhost:8005/js/chunk-vendors.js:459342
[   84391ms] [WARNING] [Vue Router warn]: Discarded invalid param(s) "product" when navigating. See https://github.com/vuejs/router/blob/main/packages/router/CHANGELOG.md#414-2022-08-22 for more details. @ https://localhost:8005/js/chunk-vendors.js:459342
[   84405ms] [WARNING] [Vue Router warn]: Discarded invalid param(s) "resource" when navigating. See https://github.com/vuejs/router/blob/main/packages/router/CHANGELOG.md#414-2022-08-22 for more details. @ https://localhost:8005/js/chunk-vendors.js:459342
[   84406ms] [WARNING] [Vue Router warn]: Discarded invalid param(s) "product" when navigating. See https://github.com/vuejs/router/blob/main/packages/router/CHANGELOG.md#414-2022-08-22 for more details. @ https://localhost:8005/js/chunk-vendors.js:459342
[   84407ms] [WARNING] [Vue Router warn]: Discarded invalid param(s) "product" when navigating. See https://github.com/vuejs/router/blob/main/packages/router/CHANGELOG.md#414-2022-08-22 for more details. @ https://localhost:8005/js/chunk-vendors.js:459342
[   84407ms] [WARNING] [Vue Router warn]: Discarded invalid param(s) "product" when navigating. See https://github.com/vuejs/router/blob/main/packages/router/CHANGELOG.md#414-2022-08-22 for more details. @ https://localhost:8005/js/chunk-vendors.js:459342
[   84999ms] [WARNING] [Vue Router warn]: Discarded invalid param(s) "product" when navigating. See https://github.com/vuejs/router/blob/main/packages/router/CHANGELOG.md#414-2022-08-22 for more details. @ https://localhost:8005/js/chunk-vendors.js:459342
[   86178ms] [WARNING] [Vue Router warn]: Discarded invalid param(s) "product" when navigating. See https://github.com/vuejs/router/blob/main/packages/router/CHANGELOG.md#414-2022-08-22 for more details. @ https://localhost:8005/js/chunk-vendors.js:459342
[   86196ms] [WARNING] [Vue Router warn]: Discarded invalid param(s) "product" when navigating. See https://github.com/vuejs/router/blob/main/packages/router/CHANGELOG.md#414-2022-08-22 for more details. @ https://localhost:8005/js/chunk-vendors.js:459342
[   86196ms] [WARNING] [Vue Router warn]: Discarded invalid param(s) "product" when navigating. See https://github.com/vuejs/router/blob/main/packages/router/CHANGELOG.md#414-2022-08-22 for more details. @ https://localhost:8005/js/chunk-vendors.js:459342
[   86196ms] [WARNING] [Vue Router warn]: Discarded invalid param(s) "product" when navigating. See https://github.com/vuejs/router/blob/main/packages/router/CHANGELOG.md#414-2022-08-22 for more details. @ https://localhost:8005/js/chunk-vendors.js:459342
[   86197ms] [WARNING] [Vue Router warn]: Discarded invalid param(s) "product" when navigating. See https://github.com/vuejs/router/blob/main/packages/router/CHANGELOG.md#414-2022-08-22 for more details. @ https://localhost:8005/js/chunk-vendors.js:459342
[   86198ms] [WARNING] [Vue Router warn]: Discarded invalid param(s) "product" when navigating. See https://github.com/vuejs/router/blob/main/packages/router/CHANGELOG.md#414-2022-08-22 for more details. @ https://localhost:8005/js/chunk-vendors.js:459342
[   86198ms] [WARNING] [Vue Router warn]: Discarded invalid param(s) "product" when navigating. See https://github.com/vuejs/router/blob/main/packages/router/CHANGELOG.md#414-2022-08-22 for more details. @ https://localhost:8005/js/chunk-vendors.js:459342
[   86212ms] [WARNING] [Vue Router warn]: Discarded invalid param(s) "resource" when navigating. See https://github.com/vuejs/router/blob/main/packages/router/CHANGELOG.md#414-2022-08-22 for more details. @ https://localhost:8005/js/chunk-vendors.js:459342
[   86212ms] [WARNING] [Vue Router warn]: Discarded invalid param(s) "product" when navigating. See https://github.com/vuejs/router/blob/main/packages/router/CHANGELOG.md#414-2022-08-22 for more details. @ https://localhost:8005/js/chunk-vendors.js:459342
[   86213ms] [WARNING] [Vue Router warn]: Discarded invalid param(s) "product" when navigating. See https://github.com/vuejs/router/blob/main/packages/router/CHANGELOG.md#414-2022-08-22 for more details. @ https://localhost:8005/js/chunk-vendors.js:459342
[   86213ms] [WARNING] [Vue Router warn]: Discarded invalid param(s) "product" when navigating. See https://github.com/vuejs/router/blob/main/packages/router/CHANGELOG.md#414-2022-08-22 for more details. @ https://localhost:8005/js/chunk-vendors.js:459342
