[    4094ms] [ERROR] Failed to load resource: the server responded with a status of 401 () @ https://rancher.35.157.202.39.sslip.io/v3/users?me=true:0
[    4103ms] [WARNING] All of schema is not loaded yet @ https://rancher.35.157.202.39.sslip.io/dashboard/js/index.0add615b.js:0
[    4103ms] [WARNING] All of schema is not loaded yet @ https://rancher.35.157.202.39.sslip.io/dashboard/js/index.0add615b.js:0
[    4104ms] [WARNING] All of namespace is not loaded yet @ https://rancher.35.157.202.39.sslip.io/dashboard/js/index.0add615b.js:0
[    8630ms] [WARNING] All of count is not loaded yet @ https://rancher.35.157.202.39.sslip.io/dashboard/js/index.0add615b.js:0
[    9079ms] [WARNING] Layouts have been deprecated. We still have parent routes which use the same name and styling as the previous layouts. You should specify a parent, we're currently setting the parent to 'default' @ https://rancher.35.157.202.39.sslip.io/dashboard/js/index.0add615b.js:0
[    9095ms] [WARNING] Layouts have been deprecated. We still have parent routes which use the same name and styling as the previous layouts. You should specify a parent, we're currently setting the parent to 'default' @ https://rancher.35.157.202.39.sslip.io/dashboard/js/index.0add615b.js:0
[    9095ms] [WARNING] Layouts have been deprecated. We still have parent routes which use the same name and styling as the previous layouts. 

Found a component KrewPage with the 'plain' layout specified  @ https://rancher.35.157.202.39.sslip.io/dashboard/js/index.0add615b.js:0
[    9168ms] [WARNING] Layouts have been deprecated. We still have parent routes which use the same name and styling as the previous layouts. You should specify a parent, we're currently setting the parent to 'default' @ https://rancher.35.157.202.39.sslip.io/dashboard/js/index.0add615b.js:0
[    9168ms] [WARNING] Layouts have been deprecated. We still have parent routes which use the same name and styling as the previous layouts. You should specify a parent, we're currently setting the parent to 'default' @ https://rancher.35.157.202.39.sslip.io/dashboard/js/index.0add615b.js:0
[    9168ms] [WARNING] Layouts have been deprecated. We still have parent routes which use the same name and styling as the previous layouts. You should specify a parent, we're currently setting the parent to 'default' @ https://rancher.35.157.202.39.sslip.io/dashboard/js/index.0add615b.js:0
[    9168ms] [WARNING] Layouts have been deprecated. We still have parent routes which use the same name and styling as the previous layouts. You should specify a parent, we're currently setting the parent to 'default' @ https://rancher.35.157.202.39.sslip.io/dashboard/js/index.0add615b.js:0
[    9168ms] [WARNING] Layouts have been deprecated. We still have parent routes which use the same name and styling as the previous layouts. You should specify a parent, we're currently setting the parent to 'default' @ https://rancher.35.157.202.39.sslip.io/dashboard/js/index.0add615b.js:0
[    9168ms] [WARNING] Layouts have been deprecated. We still have parent routes which use the same name and styling as the previous layouts. You should specify a parent, we're currently setting the parent to 'default' @ https://rancher.35.157.202.39.sslip.io/dashboard/js/index.0add615b.js:0
[    9359ms] [WARNING] Layouts have been deprecated. We still have parent routes which use the same name and styling as the previous layouts. You should specify a parent, we're currently setting the parent to 'default' @ https://rancher.35.157.202.39.sslip.io/dashboard/js/index.0add615b.js:0
[    9359ms] [WARNING] Layouts have been deprecated. We still have parent routes which use the same name and styling as the previous layouts. You should specify a parent, we're currently setting the parent to 'default' @ https://rancher.35.157.202.39.sslip.io/dashboard/js/index.0add615b.js:0
[    9359ms] [WARNING] Layouts have been deprecated. We still have parent routes which use the same name and styling as the previous layouts. You should specify a parent, we're currently setting the parent to 'default' @ https://rancher.35.157.202.39.sslip.io/dashboard/js/index.0add615b.js:0
[    9359ms] [WARNING] Layouts have been deprecated. We still have parent routes which use the same name and styling as the previous layouts. You should specify a parent, we're currently setting the parent to 'default' @ https://rancher.35.157.202.39.sslip.io/dashboard/js/index.0add615b.js:0
[    9359ms] [WARNING] Layouts have been deprecated. We still have parent routes which use the same name and styling as the previous layouts. You should specify a parent, we're currently setting the parent to 'default' @ https://rancher.35.157.202.39.sslip.io/dashboard/js/index.0add615b.js:0
[    9621ms] [WARNING] Layouts have been deprecated. We still have parent routes which use the same name and styling as the previous layouts. You should specify a parent, we're currently setting the parent to 'default' @ https://rancher.35.157.202.39.sslip.io/dashboard/js/index.0add615b.js:0
[    9621ms] [WARNING] Layouts have been deprecated. We still have parent routes which use the same name and styling as the previous layouts. You should specify a parent, we're currently setting the parent to 'default' @ https://rancher.35.157.202.39.sslip.io/dashboard/js/index.0add615b.js:0
[    9621ms] [WARNING] Layouts have been deprecated. We still have parent routes which use the same name and styling as the previous layouts. You should specify a parent, we're currently setting the parent to 'default' @ https://rancher.35.157.202.39.sslip.io/dashboard/js/index.0add615b.js:0
[    9621ms] [WARNING] Layouts have been deprecated. We still have parent routes which use the same name and styling as the previous layouts. You should specify a parent, we're currently setting the parent to 'default' @ https://rancher.35.157.202.39.sslip.io/dashboard/js/index.0add615b.js:0
[    9735ms] [WARNING] Layouts have been deprecated. We still have parent routes which use the same name and styling as the previous layouts. You should specify a parent, we're currently setting the parent to 'default' @ https://rancher.35.157.202.39.sslip.io/dashboard/js/index.0add615b.js:0
[    9735ms] [WARNING] Layouts have been deprecated. We still have parent routes which use the same name and styling as the previous layouts. You should specify a parent, we're currently setting the parent to 'default' @ https://rancher.35.157.202.39.sslip.io/dashboard/js/index.0add615b.js:0
[    9735ms] [WARNING] Layouts have been deprecated. We still have parent routes which use the same name and styling as the previous layouts. You should specify a parent, we're currently setting the parent to 'default' @ https://rancher.35.157.202.39.sslip.io/dashboard/js/index.0add615b.js:0
[    9735ms] [WARNING] Layouts have been deprecated. We still have parent routes which use the same name and styling as the previous layouts. You should specify a parent, we're currently setting the parent to 'default' @ https://rancher.35.157.202.39.sslip.io/dashboard/js/index.0add615b.js:0
[    9735ms] [WARNING] Layouts have been deprecated. We still have parent routes which use the same name and styling as the previous layouts. You should specify a parent, we're currently setting the parent to 'default' @ https://rancher.35.157.202.39.sslip.io/dashboard/js/index.0add615b.js:0
[    9735ms] [WARNING] Layouts have been deprecated. We still have parent routes which use the same name and styling as the previous layouts. You should specify a parent, we're currently setting the parent to 'default' @ https://rancher.35.157.202.39.sslip.io/dashboard/js/index.0add615b.js:0
[    9735ms] [WARNING] Layouts have been deprecated. We still have parent routes which use the same name and styling as the previous layouts. You should specify a parent, we're currently setting the parent to 'default' @ https://rancher.35.157.202.39.sslip.io/dashboard/js/index.0add615b.js:0
[    9735ms] [WARNING] Layouts have been deprecated. We still have parent routes which use the same name and styling as the previous layouts. You should specify a parent, we're currently setting the parent to 'default' @ https://rancher.35.157.202.39.sslip.io/dashboard/js/index.0add615b.js:0
[    9735ms] [WARNING] Layouts have been deprecated. We still have parent routes which use the same name and styling as the previous layouts. You should specify a parent, we're currently setting the parent to 'default' @ https://rancher.35.157.202.39.sslip.io/dashboard/js/index.0add615b.js:0
[    9735ms] [WARNING] Layouts have been deprecated. We still have parent routes which use the same name and styling as the previous layouts. You should specify a parent, we're currently setting the parent to 'default' @ https://rancher.35.157.202.39.sslip.io/dashboard/js/index.0add615b.js:0
[    9735ms] [WARNING] Layouts have been deprecated. We still have parent routes which use the same name and styling as the previous layouts. You should specify a parent, we're currently setting the parent to 'default' @ https://rancher.35.157.202.39.sslip.io/dashboard/js/index.0add615b.js:0
[    9866ms] [WARNING] All of schema is not loaded yet @ https://rancher.35.157.202.39.sslip.io/v1/uiplugins/harvester/1.7.1/plugin/harvester-1.7.1.umd.min.js:108
[    9867ms] [WARNING] All of count is not loaded yet @ https://rancher.35.157.202.39.sslip.io/dashboard/js/index.0add615b.js:0
[   12264ms] [WARNING] All of schema is not loaded yet @ https://rancher.35.157.202.39.sslip.io/dashboard/js/index.0add615b.js:0
[   12265ms] [WARNING] All of namespace is not loaded yet @ https://rancher.35.157.202.39.sslip.io/dashboard/js/index.0add615b.js:0
[  103129ms] [ERROR] Failed to load resource: the server responded with a status of 504 () @ https://rancher.35.157.202.39.sslip.io/krew-api/api/plugins:0
[  103132ms] [ERROR] Failed to load resource: the server responded with a status of 504 () @ https://rancher.35.157.202.39.sslip.io/krew-api/api/info:0
[  117284ms] [WARNING] Layouts have been deprecated. We still have parent routes which use the same name and styling as the previous layouts. You should specify a parent, we're currently setting the parent to 'default' @ https://rancher.35.157.202.39.sslip.io/dashboard/js/index.0add615b.js:0
[  117284ms] [WARNING] Layouts have been deprecated. We still have parent routes which use the same name and styling as the previous layouts. 

Found a component KrewPage with the 'plain' layout specified  @ https://rancher.35.157.202.39.sslip.io/dashboard/js/index.0add615b.js:0
[  117304ms] [WARNING] Layouts have been deprecated. We still have parent routes which use the same name and styling as the previous layouts. You should specify a parent, we're currently setting the parent to 'default' @ https://rancher.35.157.202.39.sslip.io/dashboard/js/index.0add615b.js:0
[  117304ms] [WARNING] Layouts have been deprecated. We still have parent routes which use the same name and styling as the previous layouts. You should specify a parent, we're currently setting the parent to 'default' @ https://rancher.35.157.202.39.sslip.io/dashboard/js/index.0add615b.js:0
[  117304ms] [WARNING] Layouts have been deprecated. We still have parent routes which use the same name and styling as the previous layouts. You should specify a parent, we're currently setting the parent to 'default' @ https://rancher.35.157.202.39.sslip.io/dashboard/js/index.0add615b.js:0
[  117304ms] [WARNING] Layouts have been deprecated. We still have parent routes which use the same name and styling as the previous layouts. You should specify a parent, we're currently setting the parent to 'default' @ https://rancher.35.157.202.39.sslip.io/dashboard/js/index.0add615b.js:0
[  117304ms] [WARNING] Layouts have been deprecated. We still have parent routes which use the same name and styling as the previous layouts. You should specify a parent, we're currently setting the parent to 'default' @ https://rancher.35.157.202.39.sslip.io/dashboard/js/index.0add615b.js:0
[  117304ms] [WARNING] Layouts have been deprecated. We still have parent routes which use the same name and styling as the previous layouts. You should specify a parent, we're currently setting the parent to 'default' @ https://rancher.35.157.202.39.sslip.io/dashboard/js/index.0add615b.js:0
[  117304ms] [WARNING] Layouts have been deprecated. We still have parent routes which use the same name and styling as the previous layouts. You should specify a parent, we're currently setting the parent to 'default' @ https://rancher.35.157.202.39.sslip.io/dashboard/js/index.0add615b.js:0
[  117304ms] [WARNING] Layouts have been deprecated. We still have parent routes which use the same name and styling as the previous layouts. You should specify a parent, we're currently setting the parent to 'default' @ https://rancher.35.157.202.39.sslip.io/dashboard/js/index.0add615b.js:0
[  117304ms] [WARNING] Layouts have been deprecated. We still have parent routes which use the same name and styling as the previous layouts. You should specify a parent, we're currently setting the parent to 'default' @ https://rancher.35.157.202.39.sslip.io/dashboard/js/index.0add615b.js:0
[  117304ms] [WARNING] Layouts have been deprecated. We still have parent routes which use the same name and styling as the previous layouts. You should specify a parent, we're currently setting the parent to 'default' @ https://rancher.35.157.202.39.sslip.io/dashboard/js/index.0add615b.js:0
[  117304ms] [WARNING] Layouts have been deprecated. We still have parent routes which use the same name and styling as the previous layouts. You should specify a parent, we're currently setting the parent to 'default' @ https://rancher.35.157.202.39.sslip.io/dashboard/js/index.0add615b.js:0
[  117363ms] [WARNING] Layouts have been deprecated. We still have parent routes which use the same name and styling as the previous layouts. You should specify a parent, we're currently setting the parent to 'default' @ https://rancher.35.157.202.39.sslip.io/dashboard/js/index.0add615b.js:0
[  117363ms] [WARNING] Layouts have been deprecated. We still have parent routes which use the same name and styling as the previous layouts. You should specify a parent, we're currently setting the parent to 'default' @ https://rancher.35.157.202.39.sslip.io/dashboard/js/index.0add615b.js:0
[  117363ms] [WARNING] Layouts have been deprecated. We still have parent routes which use the same name and styling as the previous layouts. You should specify a parent, we're currently setting the parent to 'default' @ https://rancher.35.157.202.39.sslip.io/dashboard/js/index.0add615b.js:0
[  117363ms] [WARNING] Layouts have been deprecated. We still have parent routes which use the same name and styling as the previous layouts. You should specify a parent, we're currently setting the parent to 'default' @ https://rancher.35.157.202.39.sslip.io/dashboard/js/index.0add615b.js:0
[  117363ms] [WARNING] Layouts have been deprecated. We still have parent routes which use the same name and styling as the previous layouts. You should specify a parent, we're currently setting the parent to 'default' @ https://rancher.35.157.202.39.sslip.io/dashboard/js/index.0add615b.js:0
[  117427ms] [WARNING] Layouts have been deprecated. We still have parent routes which use the same name and styling as the previous layouts. You should specify a parent, we're currently setting the parent to 'default' @ https://rancher.35.157.202.39.sslip.io/dashboard/js/index.0add615b.js:0
[  117497ms] [WARNING] Layouts have been deprecated. We still have parent routes which use the same name and styling as the previous layouts. You should specify a parent, we're currently setting the parent to 'default' @ https://rancher.35.157.202.39.sslip.io/dashboard/js/index.0add615b.js:0
[  117497ms] [WARNING] Layouts have been deprecated. We still have parent routes which use the same name and styling as the previous layouts. You should specify a parent, we're currently setting the parent to 'default' @ https://rancher.35.157.202.39.sslip.io/dashboard/js/index.0add615b.js:0
[  117497ms] [WARNING] Layouts have been deprecated. We still have parent routes which use the same name and styling as the previous layouts. You should specify a parent, we're currently setting the parent to 'default' @ https://rancher.35.157.202.39.sslip.io/dashboard/js/index.0add615b.js:0
[  117497ms] [WARNING] Layouts have been deprecated. We still have parent routes which use the same name and styling as the previous layouts. You should specify a parent, we're currently setting the parent to 'default' @ https://rancher.35.157.202.39.sslip.io/dashboard/js/index.0add615b.js:0
[  117497ms] [WARNING] Layouts have been deprecated. We still have parent routes which use the same name and styling as the previous layouts. You should specify a parent, we're currently setting the parent to 'default' @ https://rancher.35.157.202.39.sslip.io/dashboard/js/index.0add615b.js:0
[  117497ms] [WARNING] Layouts have been deprecated. We still have parent routes which use the same name and styling as the previous layouts. You should specify a parent, we're currently setting the parent to 'default' @ https://rancher.35.157.202.39.sslip.io/dashboard/js/index.0add615b.js:0
[  117622ms] [WARNING] Layouts have been deprecated. We still have parent routes which use the same name and styling as the previous layouts. You should specify a parent, we're currently setting the parent to 'default' @ https://rancher.35.157.202.39.sslip.io/dashboard/js/index.0add615b.js:0
[  117622ms] [WARNING] Layouts have been deprecated. We still have parent routes which use the same name and styling as the previous layouts. You should specify a parent, we're currently setting the parent to 'default' @ https://rancher.35.157.202.39.sslip.io/dashboard/js/index.0add615b.js:0
[  117622ms] [WARNING] Layouts have been deprecated. We still have parent routes which use the same name and styling as the previous layouts. You should specify a parent, we're currently setting the parent to 'default' @ https://rancher.35.157.202.39.sslip.io/dashboard/js/index.0add615b.js:0
[  117622ms] [WARNING] Layouts have been deprecated. We still have parent routes which use the same name and styling as the previous layouts. You should specify a parent, we're currently setting the parent to 'default' @ https://rancher.35.157.202.39.sslip.io/dashboard/js/index.0add615b.js:0
[  117813ms] [WARNING] All of schema is not loaded yet @ https://rancher.35.157.202.39.sslip.io/dashboard/js/index.0add615b.js:0
[  117813ms] [WARNING] All of schema is not loaded yet @ https://rancher.35.157.202.39.sslip.io/dashboard/js/index.0add615b.js:0
[  117813ms] [WARNING] All of namespace is not loaded yet @ https://rancher.35.157.202.39.sslip.io/dashboard/js/index.0add615b.js:0
[  117814ms] [WARNING] All of schema is not loaded yet @ https://rancher.35.157.202.39.sslip.io/v1/uiplugins/harvester/1.7.1/plugin/harvester-1.7.1.umd.min.js:108
[  118592ms] [WARNING] All of schema is not loaded yet @ https://rancher.35.157.202.39.sslip.io/dashboard/js/index.0add615b.js:0
[  118593ms] [WARNING] All of namespace is not loaded yet @ https://rancher.35.157.202.39.sslip.io/dashboard/js/index.0add615b.js:0
[  119289ms] [ERROR] Failed to load resource: the server responded with a status of 500 () @ https://rancher.35.157.202.39.sslip.io/krew-api/api/fs?path=%2Froot:0
