[     429ms] [WARNING] [Vue warn]: defineEmits() is a compiler-hint helper that is only usable inside <script setup> of a single file component. Its arguments should be compiled away and passing it at runtime has no effect. @ https://localhost:8005/js/chunk-vendors.js:4167
[     442ms] [WARNING] [Vue warn]: Component "v-select" has already been registered in target app. @ https://localhost:8005/js/chunk-vendors.js:4167
[     444ms] [WARNING] [Vue Router warn]: Finding ancestor route "/" failed for "/" @ https://localhost:8005/js/chunk-vendors.js:459342
[     446ms] [WARNING] Layouts have been deprecated. We still have parent routes which use the same name and styling as the previous layouts. 

Found a component NweHomePage with the 'plain' layout specified  @ https://localhost:8005/js/chunk-vendors.js:77698
[     447ms] [WARNING] [Vue Router warn]: Finding ancestor route "/" failed for "/" @ https://localhost:8005/js/chunk-vendors.js:459342
[     447ms] [WARNING] Layouts have been deprecated. We still have parent routes which use the same name and styling as the previous layouts. 

Found a component ToolsPage with the 'plain' layout specified  @ https://localhost:8005/js/chunk-vendors.js:77698
[     447ms] [WARNING] Layouts have been deprecated. We still have parent routes which use the same name and styling as the previous layouts. 

Found a component KrewPage with the 'plain' layout specified  @ https://localhost:8005/js/chunk-vendors.js:77698
[     447ms] [WARNING] [Vue Router warn]: Finding ancestor route "/" failed for "/" @ https://localhost:8005/js/chunk-vendors.js:459342
[     448ms] [WARNING] Layouts have been deprecated. We still have parent routes which use the same name and styling as the previous layouts. You should specify a parent, we're currently setting the parent to 'default' @ https://localhost:8005/js/chunk-vendors.js:77702
[     448ms] [WARNING] [Vue Router warn]: Finding ancestor route "/" failed for "/" @ https://localhost:8005/js/chunk-vendors.js:459342
[     461ms] [WARNING] Layouts have been deprecated. We still have parent routes which use the same name and styling as the previous layouts. You should specify a parent, we're currently setting the parent to 'default' @ https://localhost:8005/js/chunk-vendors.js:77702
[     461ms] [WARNING] Layouts have been deprecated. We still have parent routes which use the same name and styling as the previous layouts. You should specify a parent, we're currently setting the parent to 'default' @ https://localhost:8005/js/chunk-vendors.js:77702
[     461ms] [WARNING] Layouts have been deprecated. We still have parent routes which use the same name and styling as the previous layouts. You should specify a parent, we're currently setting the parent to 'default' @ https://localhost:8005/js/chunk-vendors.js:77702
[     461ms] [WARNING] Layouts have been deprecated. We still have parent routes which use the same name and styling as the previous layouts. You should specify a parent, we're currently setting the parent to 'default' @ https://localhost:8005/js/chunk-vendors.js:77702
[     461ms] [WARNING] Layouts have been deprecated. We still have parent routes which use the same name and styling as the previous layouts. You should specify a parent, we're currently setting the parent to 'default' @ https://localhost:8005/js/chunk-vendors.js:77702
[     461ms] [WARNING] [Vue Router warn]: Finding ancestor route "/" failed for "/" @ https://localhost:8005/js/chunk-vendors.js:459342
[     586ms] [WARNING] All of schema is not loaded yet @ https://localhost:8005/js/chunk-vendors.js:52455
[     586ms] [WARNING] All of schema is not loaded yet @ https://localhost:8005/js/chunk-vendors.js:52455
[     586ms] [WARNING] All of namespace is not loaded yet @ https://localhost:8005/js/chunk-vendors.js:52455
[    1207ms] [WARNING] All of schema is not loaded yet @ https://localhost:8005/js/chunk-vendors.js:52455
[    1207ms] [WARNING] All of namespace is not loaded yet @ https://localhost:8005/js/chunk-vendors.js:52455
[    1250ms] [WARNING] [Vue Router warn]: Discarded invalid param(s) "resource" when navigating. See https://github.com/vuejs/router/blob/main/packages/router/CHANGELOG.md#414-2022-08-22 for more details. @ https://localhost:8005/js/chunk-vendors.js:459342
[    1251ms] [WARNING] [Vue Router warn]: Discarded invalid param(s) "product" when navigating. See https://github.com/vuejs/router/blob/main/packages/router/CHANGELOG.md#414-2022-08-22 for more details. @ https://localhost:8005/js/chunk-vendors.js:459342
[    1251ms] [WARNING] [Vue Router warn]: Discarded invalid param(s) "product" when navigating. See https://github.com/vuejs/router/blob/main/packages/router/CHANGELOG.md#414-2022-08-22 for more details. @ https://localhost:8005/js/chunk-vendors.js:459342
[    1251ms] [WARNING] [Vue Router warn]: Discarded invalid param(s) "product" when navigating. See https://github.com/vuejs/router/blob/main/packages/router/CHANGELOG.md#414-2022-08-22 for more details. @ https://localhost:8005/js/chunk-vendors.js:459342
[  288826ms] [WARNING] [Vue warn]: defineEmits() is a compiler-hint helper that is only usable inside <script setup> of a single file component. Its arguments should be compiled away and passing it at runtime has no effect. @ https://localhost:8005/js/chunk-vendors.js:4167
[  288849ms] [WARNING] [Vue warn]: Component "v-select" has already been registered in target app. @ https://localhost:8005/js/chunk-vendors.js:4167
[  288852ms] [WARNING] [Vue Router warn]: Finding ancestor route "/" failed for "/" @ https://localhost:8005/js/chunk-vendors.js:459342
[  288856ms] [WARNING] Layouts have been deprecated. We still have parent routes which use the same name and styling as the previous layouts. 

Found a component NweHomePage with the 'plain' layout specified  @ https://localhost:8005/js/chunk-vendors.js:77698
[  288856ms] [WARNING] [Vue Router warn]: Finding ancestor route "/" failed for "/" @ https://localhost:8005/js/chunk-vendors.js:459342
[  288857ms] [WARNING] Layouts have been deprecated. We still have parent routes which use the same name and styling as the previous layouts. 

Found a component ToolsPage with the 'plain' layout specified  @ https://localhost:8005/js/chunk-vendors.js:77698
[  288857ms] [WARNING] Layouts have been deprecated. We still have parent routes which use the same name and styling as the previous layouts. 

Found a component KrewPage with the 'plain' layout specified  @ https://localhost:8005/js/chunk-vendors.js:77698
[  288857ms] [WARNING] [Vue Router warn]: Finding ancestor route "/" failed for "/" @ https://localhost:8005/js/chunk-vendors.js:459342
[  288858ms] [WARNING] Layouts have been deprecated. We still have parent routes which use the same name and styling as the previous layouts. You should specify a parent, we're currently setting the parent to 'default' @ https://localhost:8005/js/chunk-vendors.js:77702
[  288858ms] [WARNING] [Vue Router warn]: Finding ancestor route "/" failed for "/" @ https://localhost:8005/js/chunk-vendors.js:459342
[  288872ms] [WARNING] Layouts have been deprecated. We still have parent routes which use the same name and styling as the previous layouts. You should specify a parent, we're currently setting the parent to 'default' @ https://localhost:8005/js/chunk-vendors.js:77702
[  288872ms] [WARNING] Layouts have been deprecated. We still have parent routes which use the same name and styling as the previous layouts. You should specify a parent, we're currently setting the parent to 'default' @ https://localhost:8005/js/chunk-vendors.js:77702
[  288872ms] [WARNING] Layouts have been deprecated. We still have parent routes which use the same name and styling as the previous layouts. You should specify a parent, we're currently setting the parent to 'default' @ https://localhost:8005/js/chunk-vendors.js:77702
[  288872ms] [WARNING] Layouts have been deprecated. We still have parent routes which use the same name and styling as the previous layouts. You should specify a parent, we're currently setting the parent to 'default' @ https://localhost:8005/js/chunk-vendors.js:77702
[  288873ms] [WARNING] Layouts have been deprecated. We still have parent routes which use the same name and styling as the previous layouts. You should specify a parent, we're currently setting the parent to 'default' @ https://localhost:8005/js/chunk-vendors.js:77702
[  288873ms] [WARNING] [Vue Router warn]: Finding ancestor route "/" failed for "/" @ https://localhost:8005/js/chunk-vendors.js:459342
[  288952ms] [WARNING] All of schema is not loaded yet @ https://localhost:8005/js/chunk-vendors.js:52455
[  288952ms] [WARNING] All of schema is not loaded yet @ https://localhost:8005/js/chunk-vendors.js:52455
[  288953ms] [WARNING] All of namespace is not loaded yet @ https://localhost:8005/js/chunk-vendors.js:52455
[  289811ms] [WARNING] All of schema is not loaded yet @ https://localhost:8005/js/chunk-vendors.js:52455
[  289811ms] [WARNING] All of namespace is not loaded yet @ https://localhost:8005/js/chunk-vendors.js:52455
[  289879ms] [WARNING] [Vue Router warn]: Discarded invalid param(s) "resource" when navigating. See https://github.com/vuejs/router/blob/main/packages/router/CHANGELOG.md#414-2022-08-22 for more details. @ https://localhost:8005/js/chunk-vendors.js:459342
[  289880ms] [WARNING] [Vue Router warn]: Discarded invalid param(s) "product" when navigating. See https://github.com/vuejs/router/blob/main/packages/router/CHANGELOG.md#414-2022-08-22 for more details. @ https://localhost:8005/js/chunk-vendors.js:459342
[  289880ms] [WARNING] [Vue Router warn]: Discarded invalid param(s) "product" when navigating. See https://github.com/vuejs/router/blob/main/packages/router/CHANGELOG.md#414-2022-08-22 for more details. @ https://localhost:8005/js/chunk-vendors.js:459342
[  289880ms] [WARNING] [Vue Router warn]: Discarded invalid param(s) "product" when navigating. See https://github.com/vuejs/router/blob/main/packages/router/CHANGELOG.md#414-2022-08-22 for more details. @ https://localhost:8005/js/chunk-vendors.js:459342
[  292333ms] [WARNING] [Vue warn]: defineEmits() is a compiler-hint helper that is only usable inside <script setup> of a single file component. Its arguments should be compiled away and passing it at runtime has no effect. @ https://localhost:8005/js/chunk-vendors.js:4167
[  292343ms] [WARNING] [Vue warn]: Component "v-select" has already been registered in target app. @ https://localhost:8005/js/chunk-vendors.js:4167
[  292345ms] [WARNING] [Vue Router warn]: Finding ancestor route "/" failed for "/" @ https://localhost:8005/js/chunk-vendors.js:459342
[  292347ms] [WARNING] Layouts have been deprecated. We still have parent routes which use the same name and styling as the previous layouts. 

Found a component NweHomePage with the 'plain' layout specified  @ https://localhost:8005/js/chunk-vendors.js:77698
[  292347ms] [WARNING] [Vue Router warn]: Finding ancestor route "/" failed for "/" @ https://localhost:8005/js/chunk-vendors.js:459342
[  292348ms] [WARNING] Layouts have been deprecated. We still have parent routes which use the same name and styling as the previous layouts. 

Found a component ToolsPage with the 'plain' layout specified  @ https://localhost:8005/js/chunk-vendors.js:77698
[  292348ms] [WARNING] Layouts have been deprecated. We still have parent routes which use the same name and styling as the previous layouts. 

Found a component KrewPage with the 'plain' layout specified  @ https://localhost:8005/js/chunk-vendors.js:77698
[  292348ms] [WARNING] [Vue Router warn]: Finding ancestor route "/" failed for "/" @ https://localhost:8005/js/chunk-vendors.js:459342
[  292348ms] [WARNING] Layouts have been deprecated. We still have parent routes which use the same name and styling as the previous layouts. You should specify a parent, we're currently setting the parent to 'default' @ https://localhost:8005/js/chunk-vendors.js:77702
[  292348ms] [WARNING] [Vue Router warn]: Finding ancestor route "/" failed for "/" @ https://localhost:8005/js/chunk-vendors.js:459342
[  292359ms] [WARNING] Layouts have been deprecated. We still have parent routes which use the same name and styling as the previous layouts. You should specify a parent, we're currently setting the parent to 'default' @ https://localhost:8005/js/chunk-vendors.js:77702
[  292359ms] [WARNING] Layouts have been deprecated. We still have parent routes which use the same name and styling as the previous layouts. You should specify a parent, we're currently setting the parent to 'default' @ https://localhost:8005/js/chunk-vendors.js:77702
[  292359ms] [WARNING] Layouts have been deprecated. We still have parent routes which use the same name and styling as the previous layouts. You should specify a parent, we're currently setting the parent to 'default' @ https://localhost:8005/js/chunk-vendors.js:77702
[  292359ms] [WARNING] Layouts have been deprecated. We still have parent routes which use the same name and styling as the previous layouts. You should specify a parent, we're currently setting the parent to 'default' @ https://localhost:8005/js/chunk-vendors.js:77702
[  292359ms] [WARNING] Layouts have been deprecated. We still have parent routes which use the same name and styling as the previous layouts. You should specify a parent, we're currently setting the parent to 'default' @ https://localhost:8005/js/chunk-vendors.js:77702
[  292359ms] [WARNING] [Vue Router warn]: Finding ancestor route "/" failed for "/" @ https://localhost:8005/js/chunk-vendors.js:459342
[  292422ms] [WARNING] All of schema is not loaded yet @ https://localhost:8005/js/chunk-vendors.js:52455
[  292422ms] [WARNING] All of schema is not loaded yet @ https://localhost:8005/js/chunk-vendors.js:52455
[  292423ms] [WARNING] All of namespace is not loaded yet @ https://localhost:8005/js/chunk-vendors.js:52455
[  293017ms] [WARNING] All of schema is not loaded yet @ https://localhost:8005/js/chunk-vendors.js:52455
[  293017ms] [WARNING] All of namespace is not loaded yet @ https://localhost:8005/js/chunk-vendors.js:52455
[  293055ms] [WARNING] [Vue Router warn]: Discarded invalid param(s) "resource" when navigating. See https://github.com/vuejs/router/blob/main/packages/router/CHANGELOG.md#414-2022-08-22 for more details. @ https://localhost:8005/js/chunk-vendors.js:459342
[  293055ms] [WARNING] [Vue Router warn]: Discarded invalid param(s) "product" when navigating. See https://github.com/vuejs/router/blob/main/packages/router/CHANGELOG.md#414-2022-08-22 for more details. @ https://localhost:8005/js/chunk-vendors.js:459342
[  293055ms] [WARNING] [Vue Router warn]: Discarded invalid param(s) "product" when navigating. See https://github.com/vuejs/router/blob/main/packages/router/CHANGELOG.md#414-2022-08-22 for more details. @ https://localhost:8005/js/chunk-vendors.js:459342
[  293056ms] [WARNING] [Vue Router warn]: Discarded invalid param(s) "product" when navigating. See https://github.com/vuejs/router/blob/main/packages/router/CHANGELOG.md#414-2022-08-22 for more details. @ https://localhost:8005/js/chunk-vendors.js:459342
